Using pre-set license
Built from '2020.3/staging' branch; Version is '2020.3.11f1 (99c7afb366b3) revision 10078127'; Using compiler version '192528614'; Build Type 'Release'
OS: 'Windows 10 Home; OS build 19041.1052; Version 2004; 64bit' Language: 'ja' Physical Memory: 8110 MB
BatchMode: 1, IsHumanControllingUs: 0, StartBugReporterOnCrash: 0, Is64bit: 1, IsPro: 0

 COMMAND LINE ARGUMENTS:
C:\Program Files\Unity\Hub\Editor\2020.3.11f1\Editor\Unity.exe
-adb2
-batchMode
-noUpm
-name
AssetImportWorker0
-projectPath
H:/2年前期/2年前期個人制作/3dShooting/game
-logFile
Logs/AssetImportWorker0.log
-srvPort
63771
Successfully changed project path to: H:/2年前期/2年前期個人制作/3dShooting/game
H:/2年前期/2年前期個人制作/3dShooting/game
Using Asset Import Pipeline V2.
Refreshing native plugins compatible for Editor in 51.44 ms, found 2 plugins.
Preloading 0 native plugins for Editor in 0.00 ms.
Initialize engine version: 2020.3.11f1 (99c7afb366b3)
[Subsystems] Discovering subsystems at path C:/Program Files/Unity/Hub/Editor/2020.3.11f1/Editor/Data/Resources/UnitySubsystems
[Subsystems] Discovering subsystems at path H:/2年前期/2年前期個人制作/3dShooting/game/Assets
GfxDevice: creating device client; threaded=0
Direct3D:
    Version:  Direct3D 11.0 [level 11.1]
    Renderer: NVIDIA GeForce GTX 1070 Ti (ID=0x1b82)
    Vendor:   
    VRAM:     8079 MB
    Driver:   27.21.14.6079
Shader 'Universal Render Pipeline/Particles/Lit': fallback shader 'Universal Render Pipeline/Particles/SimpleLit' not found
Initialize mono
Mono path[0] = 'C:/Program Files/Unity/Hub/Editor/2020.3.11f1/Editor/Data/Managed'
Mono path[1] = 'C:/Program Files/Unity/Hub/Editor/2020.3.11f1/Editor/Data/MonoBleedingEdge/lib/mono/unityjit'
Mono config path = 'C:/Program Files/Unity/Hub/Editor/2020.3.11f1/Editor/Data/MonoBleedingEdge/etc'
Using monoOptions --debugger-agent=transport=dt_socket,embedding=1,server=y,suspend=n,address=127.0.0.1:56304
Begin MonoManager ReloadAssembly
Registering precompiled unity dll's ...
Register platform support module: C:/Program Files/Unity/Hub/Editor/2020.3.11f1/Editor/Data/PlaybackEngines/WindowsStandaloneSupport/UnityEditor.WindowsStandalone.Extensions.dll
Registered in 0.001936 seconds.
Native extension for WindowsStandalone target not found
Refreshing native plugins compatible for Editor in 61.82 ms, found 2 plugins.
Preloading 0 native plugins for Editor in 0.00 ms.
Mono: successfully reloaded assembly
- Completed reload, in  1.001 seconds
Platform modules already initialized, skipping
Registering precompiled user dll's ...
Registered in 0.003066 seconds.
Begin MonoManager ReloadAssembly
Native extension for WindowsStandalone target not found
Refreshing native plugins compatible for Editor in 56.25 ms, found 2 plugins.
Preloading 0 native plugins for Editor in 0.00 ms.
Mono: successfully reloaded assembly
- Completed reload, in  1.173 seconds
Platform modules already initialized, skipping
========================================================================
Worker process is ready to serve import requests
Shader 'Universal Render Pipeline/Particles/Lit': fallback shader 'Universal Render Pipeline/Particles/SimpleLit' not found
Launched and connected shader compiler UnityShaderCompiler.exe after 0.05 seconds
Refreshing native plugins compatible for Editor in 0.51 ms, found 2 plugins.
Preloading 0 native plugins for Editor in 0.00 ms.
Unloading 3273 Unused Serialized files (Serialized files now loaded: 0)
System memory in use before: 150.3 MB.
System memory in use after: 150.5 MB.

Unloading 18 unused Assets to reduce memory usage. Loaded Objects now: 3719.
Total: 2.667600 ms (FindLiveObjects: 0.308100 ms CreateObjectMapping: 0.119600 ms MarkObjects: 2.129600 ms  DeleteObjects: 0.109400 ms)

========================================================================
Received Import Request.
  path: Assets/Scenes/SetupScene.unity
  artifactKey: Guid(a0339e3ed559bbc4e99b6aba88aaa258) Importer(815301076,1909f56bfc062723c751e8b465ee728b)
Start importing Assets/Scenes/SetupScene.unity using Guid(a0339e3ed559bbc4e99b6aba88aaa258) Importer(815301076,1909f56bfc062723c751e8b465ee728b)  -> (artifact id: 'b04aa8747a816fd888e96ef154612459') in 0.032986 seconds
  Import took 0.037480 seconds .

========================================================================
Received Import Request.
  Time since last request: 0.000407 seconds.
  path: Assets/Scenes
  artifactKey: Guid(c8a8906c6ac498249a6eec3e6b5b51e6) Importer(815301076,1909f56bfc062723c751e8b465ee728b)
Start importing Assets/Scenes using Guid(c8a8906c6ac498249a6eec3e6b5b51e6) Importer(815301076,1909f56bfc062723c751e8b465ee728b)  -> (artifact id: '94c68f68a8b7c23d992c91aa5963c8e5') in 0.008570 seconds
  Import took 0.012538 seconds .

========================================================================
Received Import Request.
  Time since last request: 2.241638 seconds.
  path: Assets/Scenes/SetupScene.unity
  artifactKey: Guid(a0339e3ed559bbc4e99b6aba88aaa258) Importer(815301076,1909f56bfc062723c751e8b465ee728b)
Start importing Assets/Scenes/SetupScene.unity using Guid(a0339e3ed559bbc4e99b6aba88aaa258) Importer(815301076,1909f56bfc062723c751e8b465ee728b)  -> (artifact id: 'b04aa8747a816fd888e96ef154612459') in 0.007040 seconds
  Import took 0.012890 seconds .

========================================================================
Received Import Request.
  Time since last request: 80.543787 seconds.
  path: Assets/Assets/Materials
  artifactKey: Guid(d0234ba368eeec9418390da711bfdad0) Importer(815301076,1909f56bfc062723c751e8b465ee728b)
Start importing Assets/Assets/Materials using Guid(d0234ba368eeec9418390da711bfdad0) Importer(815301076,1909f56bfc062723c751e8b465ee728b)  -> (artifact id: 'dd1fccef896d48891410691dfde716e5') in 0.025601 seconds
  Import took 0.029968 seconds .

========================================================================
Received Import Request.
  Time since last request: 78.258481 seconds.
  path: Assets/Assets/Shaders/hexMap_Shader 2.shadergraph
  artifactKey: Guid(6bd3dbbc29888fa40a14ca4fa862e788) Importer(815301076,1909f56bfc062723c751e8b465ee728b)
Start importing Assets/Assets/Shaders/hexMap_Shader 2.shadergraph using Guid(6bd3dbbc29888fa40a14ca4fa862e788) Importer(815301076,1909f56bfc062723c751e8b465ee728b)  -> (artifact id: '2101dcebc4c2cf93664798a394ffb791') in 0.035251 seconds
  Import took 0.039611 seconds .

========================================================================
Received Import Request.
  Time since last request: 22.867955 seconds.
  path: Assets/Assets/Textures/circle.png
  artifactKey: Guid(2e06ceceb17d9e6468d3e6e3f5bca85b) Importer(815301076,1909f56bfc062723c751e8b465ee728b)
Start importing Assets/Assets/Textures/circle.png using Guid(2e06ceceb17d9e6468d3e6e3f5bca85b) Importer(815301076,1909f56bfc062723c751e8b465ee728b)  -> (artifact id: '814a17630ed58c9d990342b6b6d8ce0e') in 0.129951 seconds
  Import took 0.134726 seconds .

========================================================================
Received Import Request.
  Time since last request: 0.000258 seconds.
  path: Assets/Assets/Textures/StateIcon.png
  artifactKey: Guid(bf976de9d5f01be42a1f1900dae6c635) Importer(815301076,1909f56bfc062723c751e8b465ee728b)
Start importing Assets/Assets/Textures/StateIcon.png using Guid(bf976de9d5f01be42a1f1900dae6c635) Importer(815301076,1909f56bfc062723c751e8b465ee728b)  -> (artifact id: 'fac54250fb2cd449adb17a4da5e11c82') in 0.023430 seconds
  Import took 0.028024 seconds .

========================================================================
Received Import Request.
  Time since last request: 5.371052 seconds.
  path: Assets/Assets/Materials/Menu/Button_Material.mat
  artifactKey: Guid(5b8d6807d1b63414c91334b1f0458881) Importer(815301076,1909f56bfc062723c751e8b465ee728b)
Start importing Assets/Assets/Materials/Menu/Button_Material.mat using Guid(5b8d6807d1b63414c91334b1f0458881) Importer(815301076,1909f56bfc062723c751e8b465ee728b)  -> (artifact id: 'cd8b8f42e1116799cfedbb3b95e6cea4') in 0.507744 seconds
  Import took 0.512741 seconds .

========================================================================
Received Import Request.
  Time since last request: 0.000235 seconds.
  path: Assets/Assets/Materials/hexMap_Material.mat
  artifactKey: Guid(00e03c1160961b944ba046c06679393d) Importer(815301076,1909f56bfc062723c751e8b465ee728b)
Start importing Assets/Assets/Materials/hexMap_Material.mat using Guid(00e03c1160961b944ba046c06679393d) Importer(815301076,1909f56bfc062723c751e8b465ee728b)  -> (artifact id: '350d45cf68262beec9e27bd7353c81a4') in 0.038046 seconds
  Import took 0.042406 seconds .

========================================================================
Received Import Request.
  Time since last request: 0.000236 seconds.
  path: Assets/Assets/Materials/hexMap_Material2.mat
  artifactKey: Guid(c03c854ba31c8f043a2a5fa5486f824f) Importer(815301076,1909f56bfc062723c751e8b465ee728b)
Start importing Assets/Assets/Materials/hexMap_Material2.mat using Guid(c03c854ba31c8f043a2a5fa5486f824f) Importer(815301076,1909f56bfc062723c751e8b465ee728b)  -> (artifact id: 'b0da8786c5872510550455eda8a94e9c') in 0.030847 seconds
  Import took 0.034989 seconds .

========================================================================
Received Import Request.
  Time since last request: 0.000231 seconds.
  path: Assets/TextMesh Pro/Resources/Fonts & Materials/LiberationSans SDF - Outline.mat
  artifactKey: Guid(79459efec17a4d00a321bdcc27bbc385) Importer(815301076,1909f56bfc062723c751e8b465ee728b)
Start importing Assets/TextMesh Pro/Resources/Fonts & Materials/LiberationSans SDF - Outline.mat using Guid(79459efec17a4d00a321bdcc27bbc385) Importer(815301076,1909f56bfc062723c751e8b465ee728b)  -> (artifact id: '38755624c6205195b620733e1bbe5181') in 0.094351 seconds
  Import took 0.098608 seconds .

========================================================================
Received Import Request.
  Time since last request: 0.000271 seconds.
  path: Assets/Assets/Materials/player_setup_Material.mat
  artifactKey: Guid(860209d2b28d41e4185aa90a0ca093ed) Importer(815301076,1909f56bfc062723c751e8b465ee728b)
Start importing Assets/Assets/Materials/player_setup_Material.mat using Guid(860209d2b28d41e4185aa90a0ca093ed) Importer(815301076,1909f56bfc062723c751e8b465ee728b)  -> (artifact id: '70e79bffdfbc5ce2ab694d823b4e2c3d') in 0.021352 seconds
  Import took 0.025490 seconds .

========================================================================
Received Import Request.
  Time since last request: 0.000243 seconds.
  path: Assets/Assets/Materials/Game/playerExp_Material.mat
  artifactKey: Guid(1cb1d7672ee7d4d4cb22ecb2ad118c62) Importer(815301076,1909f56bfc062723c751e8b465ee728b)
Start importing Assets/Assets/Materials/Game/playerExp_Material.mat using Guid(1cb1d7672ee7d4d4cb22ecb2ad118c62) Importer(815301076,1909f56bfc062723c751e8b465ee728b)  -> (artifact id: '9e14696752a7f8c40989d0114be12f76') in 0.020335 seconds
  Import took 0.024478 seconds .

========================================================================
Received Import Request.
  Time since last request: 0.000255 seconds.
  path: Assets/Assets/Materials/player_Material.mat
  artifactKey: Guid(d385265659c914a49b7a292a06ea7010) Importer(815301076,1909f56bfc062723c751e8b465ee728b)
Start importing Assets/Assets/Materials/player_Material.mat using Guid(d385265659c914a49b7a292a06ea7010) Importer(815301076,1909f56bfc062723c751e8b465ee728b)  -> (artifact id: 'cd2a3eace1f74c846975ada808af2150') in 0.020070 seconds
  Import took 0.024011 seconds .

========================================================================
Received Import Request.
  Time since last request: 0.000172 seconds.
  path: Assets/Assets/Materials/Game/vortex2_Material.mat
  artifactKey: Guid(42c12b2e228b0d24ab487d892455c92d) Importer(815301076,1909f56bfc062723c751e8b465ee728b)
Start importing Assets/Assets/Materials/Game/vortex2_Material.mat using Guid(42c12b2e228b0d24ab487d892455c92d) Importer(815301076,1909f56bfc062723c751e8b465ee728b)  -> (artifact id: 'e9cee1c2750c074bc9caadb6bac2e4e8') in 0.364917 seconds
  Import took 0.368943 seconds .

========================================================================
Received Import Request.
  Time since last request: 0.000221 seconds.
  path: Assets/Assets/Materials/Game/playerBullte2VFXEffect_Material.mat
  artifactKey: Guid(c282ae7cf14172641a870b0c99761874) Importer(815301076,1909f56bfc062723c751e8b465ee728b)
Start importing Assets/Assets/Materials/Game/playerBullte2VFXEffect_Material.mat using Guid(c282ae7cf14172641a870b0c99761874) Importer(815301076,1909f56bfc062723c751e8b465ee728b)  -> (artifact id: '3c297ba758cf9471299ddbc024e9df85') in 0.350135 seconds
  Import took 0.354220 seconds .

========================================================================
Received Import Request.
  Time since last request: 0.000232 seconds.
  path: Assets/Assets/Materials/Game/playerBullte3VFXEffect_Material.mat
  artifactKey: Guid(3d766912a32a1db488e86b55f0638b50) Importer(815301076,1909f56bfc062723c751e8b465ee728b)
Start importing Assets/Assets/Materials/Game/playerBullte3VFXEffect_Material.mat using Guid(3d766912a32a1db488e86b55f0638b50) Importer(815301076,1909f56bfc062723c751e8b465ee728b)  -> (artifact id: '0758099b130419b9d85f0bffaa3e4a6b') in 0.017889 seconds
  Import took 0.022001 seconds .

========================================================================
Received Import Request.
  Time since last request: 0.000258 seconds.
  path: Assets/Assets/Materials/Game/enemyHealth_Material.mat
  artifactKey: Guid(4c98b1186b28c394da81b181c96180e4) Importer(815301076,1909f56bfc062723c751e8b465ee728b)
Start importing Assets/Assets/Materials/Game/enemyHealth_Material.mat using Guid(4c98b1186b28c394da81b181c96180e4) Importer(815301076,1909f56bfc062723c751e8b465ee728b)  -> (artifact id: '508b162956db2812b3a9fd91376878bc') in 0.020058 seconds
  Import took 0.024164 seconds .

========================================================================
Received Import Request.
  Time since last request: 0.000253 seconds.
  path: Assets/Assets/Meshs/annular_Mesh.fbx
  artifactKey: Guid(5b0527dc4cf80434183d07057e5e3f8f) Importer(815301076,1909f56bfc062723c751e8b465ee728b)
Start importing Assets/Assets/Meshs/annular_Mesh.fbx using Guid(5b0527dc4cf80434183d07057e5e3f8f) Importer(815301076,1909f56bfc062723c751e8b465ee728b)  -> (artifact id: '405e851ec42709d4eae9d191ea463169') in 0.298857 seconds
  Import took 0.303494 seconds .

========================================================================
Received Import Request.
  Time since last request: 0.000183 seconds.
  path: Packages/com.unity.searcher/Editor/Resources/FlatSkin/Font/Roboto-Thin.ttf
  artifactKey: Guid(19a9abb883540be48b75b951a927ae03) Importer(815301076,1909f56bfc062723c751e8b465ee728b)
Start importing Packages/com.unity.searcher/Editor/Resources/FlatSkin/Font/Roboto-Thin.ttf using Guid(19a9abb883540be48b75b951a927ae03) Importer(815301076,1909f56bfc062723c751e8b465ee728b)  -> (artifact id: 'e546ab6cdca899bff6c13129bceee71d') in 0.030922 seconds
  Import took 0.035164 seconds .

========================================================================
Received Import Request.
  Time since last request: 0.000286 seconds.
  path: Packages/com.unity.searcher/Editor/Resources/FlatSkin/Font/Roboto-MediumItalic.ttf
  artifactKey: Guid(d93c1bc57fdf1ac4dad1bf04fac05464) Importer(815301076,1909f56bfc062723c751e8b465ee728b)
Start importing Packages/com.unity.searcher/Editor/Resources/FlatSkin/Font/Roboto-MediumItalic.ttf using Guid(d93c1bc57fdf1ac4dad1bf04fac05464) Importer(815301076,1909f56bfc062723c751e8b465ee728b)  -> (artifact id: '81cbb825cdfdd89519f6c082eb60c451') in 0.018479 seconds
  Import took 0.022572 seconds .

========================================================================
Received Import Request.
  Time since last request: 0.000210 seconds.
  path: Assets/Assets/Materials/Game/item/item_Material.mat
  artifactKey: Guid(a86328f9a77fa93428c685a87d61435b) Importer(815301076,1909f56bfc062723c751e8b465ee728b)
Start importing Assets/Assets/Materials/Game/item/item_Material.mat using Guid(a86328f9a77fa93428c685a87d61435b) Importer(815301076,1909f56bfc062723c751e8b465ee728b)  -> (artifact id: '6ca746999c891c245791c32ef562fefc') in 0.035750 seconds
  Import took 0.039800 seconds .

========================================================================
Received Import Request.
  Time since last request: 0.000270 seconds.
  path: Assets/TextMesh Pro/Resources/Fonts & Materials/LiberationSans SDF - Fallback.asset
  artifactKey: Guid(2e498d1c8094910479dc3e1b768306a4) Importer(815301076,1909f56bfc062723c751e8b465ee728b)
Start importing Assets/TextMesh Pro/Resources/Fonts & Materials/LiberationSans SDF - Fallback.asset using Guid(2e498d1c8094910479dc3e1b768306a4) Importer(815301076,1909f56bfc062723c751e8b465ee728b)  -> (artifact id: '7276581f04e52601f54d244ba04bad1f') in 0.046365 seconds
  Import took 0.050419 seconds .

========================================================================
Received Import Request.
  Time since last request: 0.000252 seconds.
  path: Assets/TextMesh Pro/Resources/Fonts & Materials/LiberationSans SDF - Drop Shadow.mat
  artifactKey: Guid(e73a58f6e2794ae7b1b7e50b7fb811b0) Importer(815301076,1909f56bfc062723c751e8b465ee728b)
Start importing Assets/TextMesh Pro/Resources/Fonts & Materials/LiberationSans SDF - Drop Shadow.mat using Guid(e73a58f6e2794ae7b1b7e50b7fb811b0) Importer(815301076,1909f56bfc062723c751e8b465ee728b)  -> (artifact id: '6554beddbd0eaefe29bb18204ee83004') in 0.034974 seconds
  Import took 0.039205 seconds .

========================================================================
Received Import Request.
  Time since last request: 0.000224 seconds.
  path: Assets/Assets/Materials/Game/moveArea_Material.mat
  artifactKey: Guid(00c7735a74142074cb0f0e07f5205ccc) Importer(815301076,1909f56bfc062723c751e8b465ee728b)
Start importing Assets/Assets/Materials/Game/moveArea_Material.mat using Guid(00c7735a74142074cb0f0e07f5205ccc) Importer(815301076,1909f56bfc062723c751e8b465ee728b)  -> (artifact id: '7344b9b5f77634c3e8dd07d72e59f85a') in 0.511437 seconds
  Import took 0.516142 seconds .

========================================================================
Received Import Request.
  Time since last request: 0.000257 seconds.
  path: Packages/com.unity.searcher/Editor/Resources/FlatSkin/Font/Roboto-Black.ttf
  artifactKey: Guid(1062c701058745940ae5dca6219c64c8) Importer(815301076,1909f56bfc062723c751e8b465ee728b)
Start importing Packages/com.unity.searcher/Editor/Resources/FlatSkin/Font/Roboto-Black.ttf using Guid(1062c701058745940ae5dca6219c64c8) Importer(815301076,1909f56bfc062723c751e8b465ee728b)  -> (artifact id: 'da8cbc8e98e1722ba83daca9abce99c1') in 0.017235 seconds
  Import took 0.021584 seconds .

========================================================================
Received Import Request.
  Time since last request: 0.000260 seconds.
  path: Assets/Assets/Materials/Game/health_Material.mat
  artifactKey: Guid(05336e1d2be18d34f94fa0c04d4e3e9e) Importer(815301076,1909f56bfc062723c751e8b465ee728b)
Start importing Assets/Assets/Materials/Game/health_Material.mat using Guid(05336e1d2be18d34f94fa0c04d4e3e9e) Importer(815301076,1909f56bfc062723c751e8b465ee728b)  -> (artifact id: '5c63100ec2b0f72481d81cc57181daad') in 0.020980 seconds
  Import took 0.024984 seconds .

========================================================================
Received Import Request.
  Time since last request: 0.000268 seconds.
  path: Assets/TextMesh Pro/Resources/Fonts & Materials/LiberationSans SDF.asset
  artifactKey: Guid(8f586378b4e144a9851e7b34d9b748ee) Importer(815301076,1909f56bfc062723c751e8b465ee728b)
Start importing Assets/TextMesh Pro/Resources/Fonts & Materials/LiberationSans SDF.asset using Guid(8f586378b4e144a9851e7b34d9b748ee) Importer(815301076,1909f56bfc062723c751e8b465ee728b)  -> (artifact id: '42e187213ab69c574f449fe7369ff983') in 0.045634 seconds
  Import took 0.049894 seconds .

========================================================================
Received Import Request.
  Time since last request: 0.000164 seconds.
  path: Packages/com.unity.searcher/Editor/Resources/FlatSkin/Font/Roboto-Regular.ttf
  artifactKey: Guid(30dc370b164eefc43b95744fc796dad0) Importer(815301076,1909f56bfc062723c751e8b465ee728b)
Start importing Packages/com.unity.searcher/Editor/Resources/FlatSkin/Font/Roboto-Regular.ttf using Guid(30dc370b164eefc43b95744fc796dad0) Importer(815301076,1909f56bfc062723c751e8b465ee728b)  -> (artifact id: 'fe80f27e5dc98c3ff6d76c9297f0650c') in 0.017952 seconds
  Import took 0.022650 seconds .

========================================================================
Received Import Request.
  Time since last request: 0.000186 seconds.
  path: Assets/Assets/Materials/Game/shield_Material.mat
  artifactKey: Guid(5b9842fb86163424fad351be8578f522) Importer(815301076,1909f56bfc062723c751e8b465ee728b)
Start importing Assets/Assets/Materials/Game/shield_Material.mat using Guid(5b9842fb86163424fad351be8578f522) Importer(815301076,1909f56bfc062723c751e8b465ee728b)  -> (artifact id: 'ee6b0164e9a20cf959436b8b00f7b0b2') in 0.022498 seconds
  Import took 0.026882 seconds .

========================================================================
Received Import Request.
  Time since last request: 0.000216 seconds.
  path: Assets/Assets/Materials/Game/enemy2_Material.mat
  artifactKey: Guid(77d5afd37a603cc49a76c9f9daa07110) Importer(815301076,1909f56bfc062723c751e8b465ee728b)
Start importing Assets/Assets/Materials/Game/enemy2_Material.mat using Guid(77d5afd37a603cc49a76c9f9daa07110) Importer(815301076,1909f56bfc062723c751e8b465ee728b)  -> (artifact id: 'be3cd345e707153126673077b55ec00f') in 0.540729 seconds
  Import took 0.544940 seconds .

========================================================================
Received Import Request.
  Time since last request: 0.000266 seconds.
  path: Packages/com.unity.render-pipelines.universal/Runtime/Materials/Lit.mat
  artifactKey: Guid(31321ba15b8f8eb4c954353edc038b1d) Importer(815301076,1909f56bfc062723c751e8b465ee728b)
Start importing Packages/com.unity.render-pipelines.universal/Runtime/Materials/Lit.mat using Guid(31321ba15b8f8eb4c954353edc038b1d) Importer(815301076,1909f56bfc062723c751e8b465ee728b)  -> (artifact id: '97a46e45ab72210011683b98bb693f19') in 0.020632 seconds
  Import took 0.025807 seconds .

========================================================================
Received Import Request.
  Time since last request: 0.000245 seconds.
  path: Assets/SkyBox Volume 2/DeepSpaceGreen/DSG.mat
  artifactKey: Guid(a07fadb24ea940240afba3afc1a692cc) Importer(815301076,1909f56bfc062723c751e8b465ee728b)
Start importing Assets/SkyBox Volume 2/DeepSpaceGreen/DSG.mat using Guid(a07fadb24ea940240afba3afc1a692cc) Importer(815301076,1909f56bfc062723c751e8b465ee728b)  -> (artifact id: 'a7ae3a5c84989be4ebdb8c4d0885e5f7') in 0.043965 seconds
  Import took 0.049137 seconds .

========================================================================
Received Import Request.
  Time since last request: 0.000232 seconds.
  path: Assets/Assets/Meshs/player_Mesh.fbx
  artifactKey: Guid(d6a89bc632dc43045943fc2fbcd5d750) Importer(815301076,1909f56bfc062723c751e8b465ee728b)
Start importing Assets/Assets/Meshs/player_Mesh.fbx using Guid(d6a89bc632dc43045943fc2fbcd5d750) Importer(815301076,1909f56bfc062723c751e8b465ee728b)  -> (artifact id: '6ffeb779f25b011605715466a730ab1b') in 0.025857 seconds
  Import took 0.030721 seconds .

========================================================================
Received Import Request.
  Time since last request: 0.000214 seconds.
  path: Packages/com.unity.render-pipelines.core/Runtime/Debugging/Prefabs/Fonts/Perfect DOS VGA 437.ttf
  artifactKey: Guid(74a5091d8707f334b9a5c31ef71a64ba) Importer(815301076,1909f56bfc062723c751e8b465ee728b)
Start importing Packages/com.unity.render-pipelines.core/Runtime/Debugging/Prefabs/Fonts/Perfect DOS VGA 437.ttf using Guid(74a5091d8707f334b9a5c31ef71a64ba) Importer(815301076,1909f56bfc062723c751e8b465ee728b)  -> (artifact id: 'ca91db08ed2b2ee29570b7404c3ed2ba') in 0.017675 seconds
  Import took 0.022290 seconds .

========================================================================
Received Import Request.
  Time since last request: 0.000250 seconds.
  path: Packages/com.unity.searcher/Editor/Resources/FlatSkin/Font/Roboto-BlackItalic.ttf
  artifactKey: Guid(f95147a9bab9fe649b8070170fa7ebd2) Importer(815301076,1909f56bfc062723c751e8b465ee728b)
Start importing Packages/com.unity.searcher/Editor/Resources/FlatSkin/Font/Roboto-BlackItalic.ttf using Guid(f95147a9bab9fe649b8070170fa7ebd2) Importer(815301076,1909f56bfc062723c751e8b465ee728b)  -> (artifact id: 'ddc7a1065dfd918bae9c7058949d93c1') in 0.017424 seconds
  Import took 0.021674 seconds .

========================================================================
Received Import Request.
  Time since last request: 0.000268 seconds.
  path: Packages/com.unity.searcher/Editor/Resources/FlatSkin/Font/Roboto-Bold.ttf
  artifactKey: Guid(3750c318f40cab44a97d3a81beaefeb3) Importer(815301076,1909f56bfc062723c751e8b465ee728b)
Start importing Packages/com.unity.searcher/Editor/Resources/FlatSkin/Font/Roboto-Bold.ttf using Guid(3750c318f40cab44a97d3a81beaefeb3) Importer(815301076,1909f56bfc062723c751e8b465ee728b)  -> (artifact id: '0555eee1a6dae1664330da9e68c50651') in 0.017840 seconds
  Import took 0.022007 seconds .

========================================================================
Received Import Request.
  Time since last request: 0.000237 seconds.
  path: Assets/TextMesh Pro/Resources/Fonts & Materials/LiberationSans SDF.mat
  artifactKey: Guid(0284e6a6e35470b438bbc6a0e6f99818) Importer(815301076,1909f56bfc062723c751e8b465ee728b)
Start importing Assets/TextMesh Pro/Resources/Fonts & Materials/LiberationSans SDF.mat using Guid(0284e6a6e35470b438bbc6a0e6f99818) Importer(815301076,1909f56bfc062723c751e8b465ee728b)  -> (artifact id: '81c43c8ed3be54c4a1817002962ce88c') in 0.016158 seconds
  Import took 0.020434 seconds .

========================================================================
Received Import Request.
  Time since last request: 0.000182 seconds.
  path: Packages/com.unity.searcher/Editor/Resources/FlatSkin/Font/Roboto-Italic.ttf
  artifactKey: Guid(c839255fc8f6b4b4d90bf8c1af9f9bd1) Importer(815301076,1909f56bfc062723c751e8b465ee728b)
Start importing Packages/com.unity.searcher/Editor/Resources/FlatSkin/Font/Roboto-Italic.ttf using Guid(c839255fc8f6b4b4d90bf8c1af9f9bd1) Importer(815301076,1909f56bfc062723c751e8b465ee728b)  -> (artifact id: '714915796405489b4b46d719b882b77d') in 0.017187 seconds
  Import took 0.021240 seconds .

========================================================================
Received Import Request.
  Time since last request: 0.000235 seconds.
  path: Assets/Assets/Meshs/ufo_Mesh.fbx
  artifactKey: Guid(95aedffc9f48b2a48942e39f78e8fd5d) Importer(815301076,1909f56bfc062723c751e8b465ee728b)
Start importing Assets/Assets/Meshs/ufo_Mesh.fbx using Guid(95aedffc9f48b2a48942e39f78e8fd5d) Importer(815301076,1909f56bfc062723c751e8b465ee728b)  -> (artifact id: '1a6790c4daf1afbd4e9d13f1bb98462c') in 0.026977 seconds
  Import took 0.031046 seconds .

========================================================================
Received Import Request.
  Time since last request: 0.000251 seconds.
  path: Packages/com.unity.searcher/Editor/Resources/FlatSkin/Font/Roboto-ThinItalic.ttf
  artifactKey: Guid(b2ea3b3f1765e544b9eb5bd1a93a91ce) Importer(815301076,1909f56bfc062723c751e8b465ee728b)
Start importing Packages/com.unity.searcher/Editor/Resources/FlatSkin/Font/Roboto-ThinItalic.ttf using Guid(b2ea3b3f1765e544b9eb5bd1a93a91ce) Importer(815301076,1909f56bfc062723c751e8b465ee728b)  -> (artifact id: 'ef2dad4445f4d663feb289b2508c93eb') in 0.018519 seconds
  Import took 0.022635 seconds .

========================================================================
Received Import Request.
  Time since last request: 0.000268 seconds.
  path: Assets/Assets/Meshs/hexagon.fbx
  artifactKey: Guid(c52596ae1b9a94b40854e7e8200bb23b) Importer(815301076,1909f56bfc062723c751e8b465ee728b)
Start importing Assets/Assets/Meshs/hexagon.fbx using Guid(c52596ae1b9a94b40854e7e8200bb23b) Importer(815301076,1909f56bfc062723c751e8b465ee728b)  -> (artifact id: 'de9de885d77316b1de3dff0f25f3a607') in 0.027231 seconds
  Import took 0.031624 seconds .

========================================================================
Received Import Request.
  Time since last request: 0.000247 seconds.
  path: Assets/TextMesh Pro/Fonts/LiberationSans.ttf
  artifactKey: Guid(e3265ab4bf004d28a9537516768c1c75) Importer(815301076,1909f56bfc062723c751e8b465ee728b)
Start importing Assets/TextMesh Pro/Fonts/LiberationSans.ttf using Guid(e3265ab4bf004d28a9537516768c1c75) Importer(815301076,1909f56bfc062723c751e8b465ee728b)  -> (artifact id: '82045f5ae655dff61e73f353af895e3a') in 0.017973 seconds
  Import took 0.022691 seconds .

========================================================================
Received Import Request.
  Time since last request: 0.000258 seconds.
  path: Assets/Assets/Materials/Game/Gold_Material.mat
  artifactKey: Guid(cba8ce3ec601ae94198671ed88d4c456) Importer(815301076,1909f56bfc062723c751e8b465ee728b)
Start importing Assets/Assets/Materials/Game/Gold_Material.mat using Guid(cba8ce3ec601ae94198671ed88d4c456) Importer(815301076,1909f56bfc062723c751e8b465ee728b)  -> (artifact id: '4497b8ce6a73a606c32dfdbb4aadf71e') in 0.022258 seconds
  Import took 0.026622 seconds .

========================================================================
Received Import Request.
  Time since last request: 0.000204 seconds.
  path: Assets/Assets/Meshs/enemy1_Mesh.fbx
  artifactKey: Guid(25816ff4a957b374a843d539ba483e21) Importer(815301076,1909f56bfc062723c751e8b465ee728b)
Start importing Assets/Assets/Meshs/enemy1_Mesh.fbx using Guid(25816ff4a957b374a843d539ba483e21) Importer(815301076,1909f56bfc062723c751e8b465ee728b)  -> (artifact id: '5817314d05fd14b263f0986c98b0b6f4') in 0.031450 seconds
  Import took 0.035689 seconds .

========================================================================
Received Import Request.
  Time since last request: 0.000255 seconds.
  path: Assets/Assets/Meshs/enemy2_Mesh.fbx
  artifactKey: Guid(c96664f1f1b5ac246a99916950d4956a) Importer(815301076,1909f56bfc062723c751e8b465ee728b)
Start importing Assets/Assets/Meshs/enemy2_Mesh.fbx using Guid(c96664f1f1b5ac246a99916950d4956a) Importer(815301076,1909f56bfc062723c751e8b465ee728b)  -> (artifact id: '343623bf91ac10dd875342f1130b304d') in 0.029695 seconds
  Import took 0.034195 seconds .

========================================================================
Received Import Request.
  Time since last request: 0.000236 seconds.
  path: Assets/Assets/Materials/Game/enemy1_Material.mat
  artifactKey: Guid(63aa9b9c4c288a64f93c60673b6c7ae9) Importer(815301076,1909f56bfc062723c751e8b465ee728b)
Start importing Assets/Assets/Materials/Game/enemy1_Material.mat using Guid(63aa9b9c4c288a64f93c60673b6c7ae9) Importer(815301076,1909f56bfc062723c751e8b465ee728b)  -> (artifact id: 'cc074b525845eade67082e31013e0f08') in 0.020931 seconds
  Import took 0.025351 seconds .

========================================================================
Received Import Request.
  Time since last request: 0.000230 seconds.
  path: Packages/com.unity.searcher/Editor/Resources/FlatSkin/Font/Roboto-Medium.ttf
  artifactKey: Guid(a51a3aebb43ac044989270407476b208) Importer(815301076,1909f56bfc062723c751e8b465ee728b)
Start importing Packages/com.unity.searcher/Editor/Resources/FlatSkin/Font/Roboto-Medium.ttf using Guid(a51a3aebb43ac044989270407476b208) Importer(815301076,1909f56bfc062723c751e8b465ee728b)  -> (artifact id: '902242e115a183ce41f871a740ac435e') in 0.017261 seconds
  Import took 0.021670 seconds .

========================================================================
Received Import Request.
  Time since last request: 0.000278 seconds.
  path: Assets/Assets/Materials/Game/vortex_Material.mat
  artifactKey: Guid(fbffdc75408e0c541b1ddabb255315ac) Importer(815301076,1909f56bfc062723c751e8b465ee728b)
Start importing Assets/Assets/Materials/Game/vortex_Material.mat using Guid(fbffdc75408e0c541b1ddabb255315ac) Importer(815301076,1909f56bfc062723c751e8b465ee728b)  -> (artifact id: '9505d2f19a7dd28ef14412d3901f2ed8') in 0.362827 seconds
  Import took 0.367216 seconds .

========================================================================
Received Import Request.
  Time since last request: 0.000261 seconds.
  path: Packages/com.unity.searcher/Editor/Resources/FlatSkin/Font/Roboto-Light.ttf
  artifactKey: Guid(2a29e27936eb547458f646f71125b264) Importer(815301076,1909f56bfc062723c751e8b465ee728b)
Start importing Packages/com.unity.searcher/Editor/Resources/FlatSkin/Font/Roboto-Light.ttf using Guid(2a29e27936eb547458f646f71125b264) Importer(815301076,1909f56bfc062723c751e8b465ee728b)  -> (artifact id: 'a763c6bf2cea5b90d6a812dc1ee5d082') in 0.017602 seconds
  Import took 0.021959 seconds .

========================================================================
Received Import Request.
  Time since last request: 0.000230 seconds.
  path: Packages/com.unity.searcher/Editor/Resources/FlatSkin/Font/Roboto-BoldItalic.ttf
  artifactKey: Guid(dfb97a9307a577a41bcacba34b9a7e32) Importer(815301076,1909f56bfc062723c751e8b465ee728b)
Start importing Packages/com.unity.searcher/Editor/Resources/FlatSkin/Font/Roboto-BoldItalic.ttf using Guid(dfb97a9307a577a41bcacba34b9a7e32) Importer(815301076,1909f56bfc062723c751e8b465ee728b)  -> (artifact id: '9a19c6483342045242b4acd4e1199bfe') in 0.017276 seconds
  Import took 0.021431 seconds .

========================================================================
Received Import Request.
  Time since last request: 0.000291 seconds.
  path: Packages/com.unity.searcher/Editor/Resources/FlatSkin/Font/Roboto-LightItalic.ttf
  artifactKey: Guid(5e63515167650a541b309ba3bfd4db3d) Importer(815301076,1909f56bfc062723c751e8b465ee728b)
Start importing Packages/com.unity.searcher/Editor/Resources/FlatSkin/Font/Roboto-LightItalic.ttf using Guid(5e63515167650a541b309ba3bfd4db3d) Importer(815301076,1909f56bfc062723c751e8b465ee728b)  -> (artifact id: 'e42701aa2754ddcfdfde0474c14b7657') in 0.017530 seconds
  Import took 0.021888 seconds .

========================================================================
Received Import Request.
  Time since last request: 62.389821 seconds.
  path: Assets/Settings/SampleSceneProfile.asset
  artifactKey: Guid(10fc4df2da32a41aaa32d77bc913491c) Importer(815301076,1909f56bfc062723c751e8b465ee728b)
Start importing Assets/Settings/SampleSceneProfile.asset using Guid(10fc4df2da32a41aaa32d77bc913491c) Importer(815301076,1909f56bfc062723c751e8b465ee728b)  -> (artifact id: '014ff90eeec011d79d5824d2774c0f96') in 0.028943 seconds
  Import took 0.033952 seconds .

========================================================================
Received Prepare
Registering precompiled user dll's ...
Registered in 0.693693 seconds.
Begin MonoManager ReloadAssembly
Native extension for WindowsStandalone target not found
Refreshing native plugins compatible for Editor in 0.57 ms, found 2 plugins.
Preloading 0 native plugins for Editor in 0.00 ms.
Mono: successfully reloaded assembly
- Completed reload, in  3.951 seconds
Platform modules already initialized, skipping
Shader 'Universal Render Pipeline/Particles/Lit': fallback shader 'Universal Render Pipeline/Particles/SimpleLit' not found
Refreshing native plugins compatible for Editor in 0.62 ms, found 2 plugins.
Preloading 0 native plugins for Editor in 0.00 ms.
Unloading 3129 Unused Serialized files (Serialized files now loaded: 0)
System memory in use before: 146.8 MB.
System memory in use after: 147.0 MB.

Unloading 15 unused Assets to reduce memory usage. Loaded Objects now: 3814.
Total: 2.368000 ms (FindLiveObjects: 0.293800 ms CreateObjectMapping: 0.139700 ms MarkObjects: 1.884000 ms  DeleteObjects: 0.049500 ms)

AssetImportWorkerClient::OnTransportError - code=2 error=End of file
